{"F:\\DongDP\\code demo\\ts-ci-demo\\ts-ci-demo\\src\\index.ts": {"path":"F:\\DongDP\\code demo\\ts-ci-demo\\ts-ci-demo\\src\\index.ts","statementMap":{"0":{"start":{"line":1,"column":0},"end":{"line":1,"column":16}},"1":{"start":{"line":5,"column":0},"end":{"line":5,"column":16}},"2":{"start":{"line":12,"column":0},"end":{"line":12,"column":16}},"3":{"start":{"line":16,"column":0},"end":{"line":16,"column":16}},"4":{"start":{"line":20,"column":0},"end":{"line":20,"column":16}},"5":{"start":{"line":2,"column":2},"end":{"line":2,"column":15}},"6":{"start":{"line":6,"column":2},"end":{"line":6,"column":15}},"7":{"start":{"line":9,"column":0},"end":{"line":9,"column":55}},"8":{"start":{"line":13,"column":2},"end":{"line":13,"column":15}},"9":{"start":{"line":17,"column":2},"end":{"line":17,"column":15}},"10":{"start":{"line":21,"column":2},"end":{"line":21,"column":13}}},"fnMap":{"0":{"name":"sum","decl":{"start":{"line":1,"column":16},"end":{"line":1,"column":19}},"loc":{"start":{"line":1,"column":40},"end":{"line":3,"column":1}}},"1":{"name":"sub","decl":{"start":{"line":5,"column":16},"end":{"line":5,"column":19}},"loc":{"start":{"line":5,"column":40},"end":{"line":7,"column":1}}},"2":{"name":"add","decl":{"start":{"line":12,"column":16},"end":{"line":12,"column":19}},"loc":{"start":{"line":12,"column":40},"end":{"line":14,"column":1}}},"3":{"name":"minus","decl":{"start":{"line":16,"column":16},"end":{"line":16,"column":21}},"loc":{"start":{"line":16,"column":42},"end":{"line":18,"column":1}}},"4":{"name":"test_a","decl":{"start":{"line":20,"column":16},"end":{"line":20,"column":22}},"loc":{"start":{"line":20,"column":22},"end":{"line":22,"column":1}}}},"branchMap":{},"s":{"0":1,"1":1,"2":1,"3":1,"4":1,"5":2,"6":0,"7":1,"8":0,"9":0,"10":0},"f":{"0":2,"1":0,"2":0,"3":0,"4":0},"b":{}}
}
